<?xml version="1.0" encoding="UTF-8"?>
<testsuite xmlns:xsi="http://www.w3.org/2001/XMLSchema-instance" xsi:noNamespaceSchemaLocation="https://maven.apache.org/surefire/maven-surefire-plugin/xsd/surefire-test-report.xsd" name="test.java.MyTests" time="25.944" tests="3" errors="0" skipped="0" failures="3">
  <properties>
[...]
</properties>
  <testcase name="test1" classname="test.java.MyTests" time="10.16">
    <failure message="expected: &lt;0&gt; but was: &lt;1&gt;" type="org.opentest4j.AssertionFailedError"><![CDATA[org.opentest4j.AssertionFailedError: expected: <0> but was: <1>
	at test.java.MyTests.test1(MyTests.java:60)
]]></failure>
  </testcase>
  <testcase name="test2" classname="test.java.MyTests" time="10.013">
    <failure message="expected: &lt;0&gt; but was: &lt;1&gt;" type="org.opentest4j.AssertionFailedError"><![CDATA[org.opentest4j.AssertionFailedError: expected: <0> but was: <1>
	at test.java.MyTests.test2(MyTests.java:110)
]]></failure>
  </testcase>
  <testcase name="test3" classname="test.java.MyTests" time="5.729">
    <failure message="expected: &lt;0&gt; but was: &lt;1&gt;" type="org.opentest4j.AssertionFailedError"><![CDATA[org.opentest4j.AssertionFailedError: expected: <0> but was: <1>
	at test.java.MyTests.test3(MyTests.java:168)
]]></failure>
    <system-out><![CDATA[1
]]></system-out>
  </testcase>
</testsuite>