-------------------------------------------------------------------------------
Test set: test.java.MyTests
-------------------------------------------------------------------------------
Tests run: 3, Failures: 3, Errors: 0, Skipped: 0, Time elapsed: 21.536 s <<< FAILURE! - in test.java.MyTests
test1  Time elapsed: 8.387 s  <<< FAILURE!
org.opentest4j.AssertionFailedError: expected: <0> but was: <1>
	at test.java.MyTests.test1(MyTests.java:60)

test2  Time elapsed: 8.557 s  <<< FAILURE!
org.opentest4j.AssertionFailedError: expected: <0> but was: <1>
	at test.java.MyTests.test2(MyTests.java:110)

test3  Time elapsed: 4.531 s  <<< FAILURE!
org.opentest4j.AssertionFailedError: expected: <0> but was: <1>
	at test.java.MyTests.test3(MyTests.java:168)

